# JRE version: OpenJDK Runtime Environment Temurin-21.0.9+10 (21.0.9+10) (build 21.0.9+10-LTS)
# Java VM: OpenJDK 64-Bit Server VM Temurin-21.0.9+10 (21.0.9+10-LTS, mixed mode, sharing, tiered, compressed oops, compressed class ptrs, parallel gc, windows-amd64)
GC Precious Log:
 CardTable entry size: 512
 CPUs: 4 total, 4 available
 Memory: 8068M
 Large Page Support: Disabled
 NUMA Support: Disabled
 Compressed Oops: Enabled (32-bit)
 Alignments: Space 512K, Generation 512K, Heap 2M
 Heap Min Capacity: 100M
 Heap Initial Capacity: 100M
 Heap Max Capacity: 2G
 Pre-touch: Disabled
 Parallel Workers: 4
Heap:
 PSYoungGen      total 34816K, used 28559K [0x00000000d5580000, 0x00000000d8900000, 0x0000000100000000)
  eden space 19456K, 69% used [0x00000000d5580000,0x00000000d62cbc68,0x00000000d6880000)
  from space 15360K, 97% used [0x00000000d7a00000,0x00000000d8898000,0x00000000d8900000)
  to   space 15872K, 0% used [0x00000000d6a00000,0x00000000d6a00000,0x00000000d7980000)
 ParOldGen       total 81408K, used 81085K [0x0000000080000000, 0x0000000084f80000, 0x00000000d5580000)
  object space 81408K, 99% used [0x0000000080000000,0x0000000084f2f570,0x0000000084f80000)
 Metaspace       used 51481K, committed 52608K, reserved 1114112K
  class space    used 5623K, committed 6080K, reserved 1048576K
GC Heap History (20 events):
Event: 82.577 GC heap before
{Heap before GC invocations=25 (full 2):
 PSYoungGen      total 20992K, used 20991K [0x00000000d5580000, 0x00000000d7300000, 0x0000000100000000)
  eden space 19456K, 100% used [0x00000000d5580000,0x00000000d6880000,0x00000000d6880000)
  from space 1536K, 99% used [0x00000000d6c80000,0x00000000d6dffed8,0x00000000d6e00000)
  to   space 4096K, 0% used [0x00000000d6880000,0x00000000d6880000,0x00000000d6c80000)
 ParOldGen       total 68608K, used 25159K [0x0000000080000000, 0x0000000084300000, 0x00000000d5580000)
  object space 68608K, 36% used [0x0000000080000000,0x0000000081891fa8,0x0000000084300000)
 Metaspace       used 49889K, committed 51008K, reserved 1114112K
  class space    used 5447K, committed 5952K, reserved 1048576K
}
Event: 82.587 GC heap after
{Heap after GC invocations=25 (full 2):
 PSYoungGen      total 23552K, used 4096K [0x00000000d5580000, 0x00000000d7580000, 0x0000000100000000)
  eden space 19456K, 0% used [0x00000000d5580000,0x00000000d5580000,0x00000000d6880000)
  from space 4096K, 100% used [0x00000000d6880000,0x00000000d6c80000,0x00000000d6c80000)
  to   space 6656K, 0% used [0x00000000d6f00000,0x00000000d6f00000,0x00000000d7580000)
 ParOldGen       total 68608K, used 26834K [0x0000000080000000, 0x0000000084300000, 0x00000000d5580000)
  object space 68608K, 39% used [0x0000000080000000,0x0000000081a34bb8,0x0000000084300000)
 Metaspace       used 49889K, committed 51008K, reserved 1114112K
  class space    used 5447K, committed 5952K, reserved 1048576K
}
Event: 82.865 GC heap before
{Heap before GC invocations=26 (full 2):
 PSYoungGen      total 23552K, used 23552K [0x00000000d5580000, 0x00000000d7580000, 0x0000000100000000)
  eden space 19456K, 100% used [0x00000000d5580000,0x00000000d6880000,0x00000000d6880000)
  from space 4096K, 100% used [0x00000000d6880000,0x00000000d6c80000,0x00000000d6c80000)
  to   space 6656K, 0% used [0x00000000d6f00000,0x00000000d6f00000,0x00000000d7580000)
 ParOldGen       total 68608K, used 26834K [0x0000000080000000, 0x0000000084300000, 0x00000000d5580000)
  object space 68608K, 39% used [0x0000000080000000,0x0000000081a34bb8,0x0000000084300000)
 Metaspace       used 49892K, committed 51008K, reserved 1114112K
  class space    used 5447K, committed 5952K, reserved 1048576K
}
Event: 82.869 GC heap after
{Heap after GC invocations=26 (full 2):
 PSYoungGen      total 22528K, used 2864K [0x00000000d5580000, 0x00000000d7200000, 0x0000000100000000)
  eden space 19456K, 0% used [0x00000000d5580000,0x00000000d5580000,0x00000000d6880000)
  from space 3072K, 93% used [0x00000000d6f00000,0x00000000d71cc018,0x00000000d7200000)
  to   space 4096K, 0% used [0x00000000d6a00000,0x00000000d6a00000,0x00000000d6e00000)
 ParOldGen       total 68608K, used 27294K [0x0000000080000000, 0x0000000084300000, 0x00000000d5580000)
  object space 68608K, 39% used [0x0000000080000000,0x0000000081aa7bd0,0x0000000084300000)
 Metaspace       used 49892K, committed 51008K, reserved 1114112K
  class space    used 5447K, committed 5952K, reserved 1048576K
}
Event: 83.095 GC heap before
{Heap before GC invocations=27 (full 2):
 PSYoungGen      total 22528K, used 22320K [0x00000000d5580000, 0x00000000d7200000, 0x0000000100000000)
  eden space 19456K, 100% used [0x00000000d5580000,0x00000000d6880000,0x00000000d6880000)
  from space 3072K, 93% used [0x00000000d6f00000,0x00000000d71cc018,0x00000000d7200000)
  to   space 4096K, 0% used [0x00000000d6a00000,0x00000000d6a00000,0x00000000d6e00000)
 ParOldGen       total 68608K, used 27294K [0x0000000080000000, 0x0000000084300000, 0x00000000d5580000)
  object space 68608K, 39% used [0x0000000080000000,0x0000000081aa7bd0,0x0000000084300000)
 Metaspace       used 49925K, committed 51008K, reserved 1114112K
  class space    used 5450K, committed 5952K, reserved 1048576K
}
Event: 83.097 GC heap after
{Heap after GC invocations=27 (full 2):
 PSYoungGen      total 20480K, used 544K [0x00000000d5580000, 0x00000000d6f80000, 0x0000000100000000)
  eden space 19456K, 0% used [0x00000000d5580000,0x00000000d5580000,0x00000000d6880000)
  from space 1024K, 53% used [0x00000000d6a00000,0x00000000d6a88000,0x00000000d6b00000)
  to   space 2048K, 0% used [0x00000000d6d80000,0x00000000d6d80000,0x00000000d6f80000)
 ParOldGen       total 68608K, used 27318K [0x0000000080000000, 0x0000000084300000, 0x00000000d5580000)
  object space 68608K, 39% used [0x0000000080000000,0x0000000081aadbd0,0x0000000084300000)
 Metaspace       used 49925K, committed 51008K, reserved 1114112K
  class space    used 5450K, committed 5952K, reserved 1048576K
}
Event: 83.437 GC heap before
{Heap before GC invocations=28 (full 2):
 PSYoungGen      total 20480K, used 20000K [0x00000000d5580000, 0x00000000d6f80000, 0x0000000100000000)
  eden space 19456K, 100% used [0x00000000d5580000,0x00000000d6880000,0x00000000d6880000)
  from space 1024K, 53% used [0x00000000d6a00000,0x00000000d6a88000,0x00000000d6b00000)
  to   space 2048K, 0% used [0x00000000d6d80000,0x00000000d6d80000,0x00000000d6f80000)
 ParOldGen       total 68608K, used 27318K [0x0000000080000000, 0x0000000084300000, 0x00000000d5580000)
  object space 68608K, 39% used [0x0000000080000000,0x0000000081aadbd0,0x0000000084300000)
 Metaspace       used 49949K, committed 51072K, reserved 1114112K
  class space    used 5452K, committed 5952K, reserved 1048576K
}
Event: 83.442 GC heap after
{Heap after GC invocations=28 (full 2):
 PSYoungGen      total 20480K, used 832K [0x00000000d5580000, 0x00000000d6e80000, 0x0000000100000000)
  eden space 19456K, 0% used [0x00000000d5580000,0x00000000d5580000,0x00000000d6880000)
  from space 1024K, 81% used [0x00000000d6d80000,0x00000000d6e50000,0x00000000d6e80000)
  to   space 1024K, 0% used [0x00000000d6a00000,0x00000000d6a00000,0x00000000d6b00000)
 ParOldGen       total 68608K, used 27654K [0x0000000080000000, 0x0000000084300000, 0x00000000d5580000)
  object space 68608K, 40% used [0x0000000080000000,0x0000000081b01bd0,0x0000000084300000)
 Metaspace       used 49949K, committed 51072K, reserved 1114112K
  class space    used 5452K, committed 5952K, reserved 1048576K
}
Event: 83.781 GC heap before
{Heap before GC invocations=29 (full 2):
 PSYoungGen      total 20480K, used 20288K [0x00000000d5580000, 0x00000000d6e80000, 0x0000000100000000)
  eden space 19456K, 100% used [0x00000000d5580000,0x00000000d6880000,0x00000000d6880000)
  from space 1024K, 81% used [0x00000000d6d80000,0x00000000d6e50000,0x00000000d6e80000)
  to   space 1024K, 0% used [0x00000000d6a00000,0x00000000d6a00000,0x00000000d6b00000)
 ParOldGen       total 68608K, used 27654K [0x0000000080000000, 0x0000000084300000, 0x00000000d5580000)
  object space 68608K, 40% used [0x0000000080000000,0x0000000081b01bd0,0x0000000084300000)
 Metaspace       used 49971K, committed 51072K, reserved 1114112K
  class space    used 5452K, committed 5952K, reserved 1048576K
}
Event: 83.784 GC heap after
{Heap after GC invocations=29 (full 2):
 PSYoungGen      total 20480K, used 1024K [0x00000000d5580000, 0x00000000d6e00000, 0x0000000100000000)
  eden space 19456K, 0% used [0x00000000d5580000,0x00000000d5580000,0x00000000d6880000)
  from space 1024K, 100% used [0x00000000d6a00000,0x00000000d6b00000,0x00000000d6b00000)
  to   space 2048K, 0% used [0x00000000d6c00000,0x00000000d6c00000,0x00000000d6e00000)
 ParOldGen       total 68608K, used 28243K [0x0000000080000000, 0x0000000084300000, 0x00000000d5580000)
  object space 68608K, 41% used [0x0000000080000000,0x0000000081b94c48,0x0000000084300000)
 Metaspace       used 49971K, committed 51072K, reserved 1114112K
  class space    used 5452K, committed 5952K, reserved 1048576K
}
Event: 88.613 GC heap before
{Heap before GC invocations=30 (full 2):
 PSYoungGen      total 20480K, used 20480K [0x00000000d5580000, 0x00000000d6e00000, 0x0000000100000000)
  eden space 19456K, 100% used [0x00000000d5580000,0x00000000d6880000,0x00000000d6880000)
  from space 1024K, 100% used [0x00000000d6a00000,0x00000000d6b00000,0x00000000d6b00000)
  to   space 2048K, 0% used [0x00000000d6c00000,0x00000000d6c00000,0x00000000d6e00000)
 ParOldGen       total 68608K, used 28243K [0x0000000080000000, 0x0000000084300000, 0x00000000d5580000)
  object space 68608K, 41% used [0x0000000080000000,0x0000000081b94c48,0x0000000084300000)
 Metaspace       used 51348K, committed 52480K, reserved 1114112K
  class space    used 5610K, committed 6080K, reserved 1048576K
}
Event: 88.618 GC heap after
{Heap after GC invocations=30 (full 2):
 PSYoungGen      total 21504K, used 2029K [0x00000000d5580000, 0x00000000d6e00000, 0x0000000100000000)
  eden space 19456K, 0% used [0x00000000d5580000,0x00000000d5580000,0x00000000d6880000)
  from space 2048K, 99% used [0x00000000d6c00000,0x00000000d6dfb490,0x00000000d6e00000)
  to   space 2560K, 0% used [0x00000000d6900000,0x00000000d6900000,0x00000000d6b80000)
 ParOldGen       total 68608K, used 28435K [0x0000000080000000, 0x0000000084300000, 0x00000000d5580000)
  object space 68608K, 41% used [0x0000000080000000,0x0000000081bc4c60,0x0000000084300000)
 Metaspace       used 51348K, committed 52480K, reserved 1114112K
  class space    used 5610K, committed 6080K, reserved 1048576K
}
Event: 89.290 GC heap before
{Heap before GC invocations=31 (full 2):
 PSYoungGen      total 21504K, used 14609K [0x00000000d5580000, 0x00000000d6e00000, 0x0000000100000000)
  eden space 19456K, 64% used [0x00000000d5580000,0x00000000d61c9360,0x00000000d6880000)
  from space 2048K, 99% used [0x00000000d6c00000,0x00000000d6dfb490,0x00000000d6e00000)
  to   space 2560K, 0% used [0x00000000d6900000,0x00000000d6900000,0x00000000d6b80000)
 ParOldGen       total 68608K, used 28435K [0x0000000080000000, 0x0000000084300000, 0x00000000d5580000)
  object space 68608K, 41% used [0x0000000080000000,0x0000000081bc4c60,0x0000000084300000)
 Metaspace       used 51426K, committed 52544K, reserved 1114112K
  class space    used 5619K, committed 6080K, reserved 1048576K
}
Event: 89.305 GC heap after
{Heap after GC invocations=31 (full 2):
 PSYoungGen      total 20992K, used 1491K [0x00000000d5580000, 0x00000000d6c80000, 0x0000000100000000)
  eden space 19456K, 0% used [0x00000000d5580000,0x00000000d5580000,0x00000000d6880000)
  from space 1536K, 97% used [0x00000000d6900000,0x00000000d6a74f40,0x00000000d6a80000)
  to   space 2048K, 0% used [0x00000000d6a80000,0x00000000d6a80000,0x00000000d6c80000)
 ParOldGen       total 68608K, used 39421K [0x0000000080000000, 0x0000000084300000, 0x00000000d5580000)
  object space 68608K, 57% used [0x0000000080000000,0x000000008267f460,0x0000000084300000)
 Metaspace       used 51426K, committed 52544K, reserved 1114112K
  class space    used 5619K, committed 6080K, reserved 1048576K
}
Event: 89.783 GC heap before
{Heap before GC invocations=32 (full 2):
 PSYoungGen      total 20992K, used 20947K [0x00000000d5580000, 0x00000000d6c80000, 0x0000000100000000)
  eden space 19456K, 100% used [0x00000000d5580000,0x00000000d6880000,0x00000000d6880000)
  from space 1536K, 97% used [0x00000000d6900000,0x00000000d6a74f40,0x00000000d6a80000)
  to   space 2048K, 0% used [0x00000000d6a80000,0x00000000d6a80000,0x00000000d6c80000)
 ParOldGen       total 68608K, used 65750K [0x0000000080000000, 0x0000000084300000, 0x00000000d5580000)
  object space 68608K, 95% used [0x0000000080000000,0x0000000084035a10,0x0000000084300000)
 Metaspace       used 51445K, committed 52544K, reserved 1114112K
  class space    used 5622K, committed 6080K, reserved 1048576K
}
Event: 89.787 GC heap after
{Heap after GC invocations=32 (full 2):
 PSYoungGen      total 20480K, used 576K [0x00000000d5580000, 0x00000000d6b80000, 0x0000000100000000)
  eden space 19456K, 0% used [0x00000000d5580000,0x00000000d5580000,0x00000000d6880000)
  from space 1024K, 56% used [0x00000000d6a80000,0x00000000d6b10000,0x00000000d6b80000)
  to   space 1024K, 0% used [0x00000000d6980000,0x00000000d6980000,0x00000000d6a80000)
 ParOldGen       total 68608K, used 65845K [0x0000000080000000, 0x0000000084300000, 0x00000000d5580000)
  object space 68608K, 95% used [0x0000000080000000,0x000000008404d570,0x0000000084300000)
 Metaspace       used 51445K, committed 52544K, reserved 1114112K
  class space    used 5622K, committed 6080K, reserved 1048576K
}
Event: 90.171 GC heap before
{Heap before GC invocations=33 (full 2):
 PSYoungGen      total 20480K, used 20032K [0x00000000d5580000, 0x00000000d6b80000, 0x0000000100000000)
  eden space 19456K, 100% used [0x00000000d5580000,0x00000000d6880000,0x00000000d6880000)
  from space 1024K, 56% used [0x00000000d6a80000,0x00000000d6b10000,0x00000000d6b80000)
  to   space 1024K, 0% used [0x00000000d6980000,0x00000000d6980000,0x00000000d6a80000)
 ParOldGen       total 68608K, used 65845K [0x0000000080000000, 0x0000000084300000, 0x00000000d5580000)
  object space 68608K, 95% used [0x0000000080000000,0x000000008404d570,0x0000000084300000)
 Metaspace       used 51445K, committed 52544K, reserved 1114112K
  class space    used 5622K, committed 6080K, reserved 1048576K
}
Event: 90.203 GC heap after
{Heap after GC invocations=33 (full 2):
 PSYoungGen      total 20480K, used 1024K [0x00000000d5580000, 0x00000000d8b80000, 0x0000000100000000)
  eden space 19456K, 0% used [0x00000000d5580000,0x00000000d5580000,0x00000000d6880000)
  from space 1024K, 100% used [0x00000000d6980000,0x00000000d6a80000,0x00000000d6a80000)
  to   space 17920K, 0% used [0x00000000d7a00000,0x00000000d7a00000,0x00000000d8b80000)
 ParOldGen       total 80384K, used 80037K [0x0000000080000000, 0x0000000084e80000, 0x00000000d5580000)
  object space 80384K, 99% used [0x0000000080000000,0x0000000084e29570,0x0000000084e80000)
 Metaspace       used 51445K, committed 52544K, reserved 1114112K
  class space    used 5622K, committed 6080K, reserved 1048576K
}
Event: 90.388 GC heap before
{Heap before GC invocations=34 (full 2):
 PSYoungGen      total 20480K, used 20480K [0x00000000d5580000, 0x00000000d8b80000, 0x0000000100000000)
  eden space 19456K, 100% used [0x00000000d5580000,0x00000000d6880000,0x00000000d6880000)
  from space 1024K, 100% used [0x00000000d6980000,0x00000000d6a80000,0x00000000d6a80000)
  to   space 17920K, 0% used [0x00000000d7a00000,0x00000000d7a00000,0x00000000d8b80000)
 ParOldGen       total 80384K, used 80037K [0x0000000080000000, 0x0000000084e80000, 0x00000000d5580000)
  object space 80384K, 99% used [0x0000000080000000,0x0000000084e29570,0x0000000084e80000)
 Metaspace       used 51445K, committed 52544K, reserved 1114112K
  class space    used 5622K, committed 6080K, reserved 1048576K
}
Event: 90.419 GC heap after
{Heap after GC invocations=34 (full 2):
 PSYoungGen      total 34816K, used 14944K [0x00000000d5580000, 0x00000000d8900000, 0x0000000100000000)
  eden space 19456K, 0% used [0x00000000d5580000,0x00000000d5580000,0x00000000d6880000)
  from space 15360K, 97% used [0x00000000d7a00000,0x00000000d8898000,0x00000000d8900000)
  to   space 15872K, 0% used [0x00000000d6a00000,0x00000000d6a00000,0x00000000d7980000)
 ParOldGen       total 81408K, used 81085K [0x0000000080000000, 0x0000000084f80000, 0x00000000d5580000)
  object space 81408K, 99% used [0x0000000080000000,0x0000000084f2f570,0x0000000084f80000)
 Metaspace       used 51445K, committed 52544K, reserved 1114112K
  class space    used 5622K, committed 6080K, reserved 1048576K
}

